<?xml version="1.0" encoding="UTF-8"?>
<!-- Generated by org.testng.reporters.JUnitReportReporter -->
<testsuite hostname="DESKTOP-05HFF98" failures="0" tests="1" name="cucumberOptions.TestNGTestRunner" time="21.170" errors="0" timestamp="2023-09-27T13:01:25 IST" skipped="0">
  <testcase classname="cucumberOptions.TestNGTestRunner" name="runScenario" time="21.170"/>
  <system-out/>
</testsuite> <!-- cucumberOptions.TestNGTestRunner -->
